<?xml version="1.0" encoding="UTF-8"?>
<!-- Generated by org.testng.reporters.JUnitXMLReporter -->
<testsuite ignored="0" hostname="junnu" failures="0" tests="4" name="Default test" time="45.574" errors="0" timestamp="2025-11-01T22:22:25 IST">
  <testcase classname="com.testng.demo.TestNGDataProviderDemo" name="enterUserName" time="13.986"/>
  <testcase classname="com.testng.demo.TestNGDataProviderDemo" name="enterUserName" time="10.675"/>
  <testcase classname="com.testng.demo.TestNGDataProviderDemo" name="enterUserName" time="10.067"/>
  <testcase classname="com.testng.demo.TestNGDataProviderDemo" name="enterUserName" time="10.81"/>
</testsuite> <!-- Default test -->
