<?xml version="1.0" encoding="UTF-8"?>
<testng-results ignored="0" total="4" passed="4" failed="0" skipped="0">
  <reporter-output>
  </reporter-output>
  <suite started-at="2025-11-01T22:21:39 IST" name="Default suite" finished-at="2025-11-01T22:22:25 IST" duration-ms="45574">
    <groups>
    </groups>
    <test started-at="2025-11-01T22:21:39 IST" name="Default test" finished-at="2025-11-01T22:22:25 IST" duration-ms="45574">
      <class name="com.testng.demo.TestNGDataProviderDemo">
        <test-method signature="enterUserName(java.lang.String,java.lang.String)[pri:0, instance:com.testng.demo.TestNGDataProviderDemo@576d5deb]" started-at="2025-11-01T22:21:39 IST" name="enterUserName" data-provider="userEmails" finished-at="2025-11-01T22:21:53 IST" duration-ms="13986" status="PASS">
          <params>
            <param index="0">
              <value>
                <![CDATA[john]]>
              </value>
            </param>
            <param index="1">
              <value>
                <![CDATA[johnLegend1122@gmail.com]]>
              </value>
            </param>
          </params>
          <reporter-output>
          </reporter-output>
        </test-method> <!-- enterUserName -->
        <test-method signature="enterUserName(java.lang.String,java.lang.String)[pri:0, instance:com.testng.demo.TestNGDataProviderDemo@576d5deb]" started-at="2025-11-01T22:21:53 IST" name="enterUserName" data-provider="userEmails" finished-at="2025-11-01T22:22:04 IST" duration-ms="10675" status="PASS">
          <params>
            <param index="0">
              <value>
                <![CDATA[kumar]]>
              </value>
            </param>
            <param index="1">
              <value>
                <![CDATA[kumartrainier@gmail.com]]>
              </value>
            </param>
          </params>
          <reporter-output>
          </reporter-output>
        </test-method> <!-- enterUserName -->
        <test-method signature="enterUserName(java.lang.String,java.lang.String)[pri:0, instance:com.testng.demo.TestNGDataProviderDemo@576d5deb]" started-at="2025-11-01T22:22:04 IST" name="enterUserName" data-provider="userEmails" finished-at="2025-11-01T22:22:14 IST" duration-ms="10067" status="PASS">
          <params>
            <param index="0">
              <value>
                <![CDATA[Rams]]>
              </value>
            </param>
            <param index="1">
              <value>
                <![CDATA[RamsTester3344@gmail.com]]>
              </value>
            </param>
          </params>
          <reporter-output>
          </reporter-output>
        </test-method> <!-- enterUserName -->
        <test-method signature="enterUserName(java.lang.String,java.lang.String)[pri:0, instance:com.testng.demo.TestNGDataProviderDemo@576d5deb]" started-at="2025-11-01T22:22:14 IST" name="enterUserName" data-provider="userEmails" finished-at="2025-11-01T22:22:25 IST" duration-ms="10810" status="PASS">
          <params>
            <param index="0">
              <value>
                <![CDATA[James]]>
              </value>
            </param>
            <param index="1">
              <value>
                <![CDATA[James657575@gmail.com]]>
              </value>
            </param>
          </params>
          <reporter-output>
          </reporter-output>
        </test-method> <!-- enterUserName -->
      </class> <!-- com.testng.demo.TestNGDataProviderDemo -->
    </test> <!-- Default test -->
  </suite> <!-- Default suite -->
</testng-results>
